2020-04-16 17:55:13.712  INFO 12840 --- [restartedMain] c.h.p.p.ProjectfirstApplication          : Starting ProjectfirstApplication on DESKTOP-1PG5FTB with PID 12840 (C:\Users\lhl03\Videos\git\repository\projectfirst\target\classes started by lhl03 in C:\Users\lhl03\Videos\git\repository\projectfirst)
2020-04-16 17:55:13.717  INFO 12840 --- [restartedMain] c.h.p.p.ProjectfirstApplication          : No active profile set, falling back to default profiles: default
2020-04-16 17:55:13.777  INFO 12840 --- [restartedMain] .e.DevToolsPropertyDefaultsPostProcessor : Devtools property defaults active! Set 'spring.devtools.add-properties' to 'false' to disable
2020-04-16 17:55:13.777  INFO 12840 --- [restartedMain] .e.DevToolsPropertyDefaultsPostProcessor : For additional web related logging consider setting the 'logging.level.web' property to 'DEBUG'
2020-04-16 17:55:15.079  INFO 12840 --- [restartedMain] o.s.b.w.embedded.tomcat.TomcatWebServer  : Tomcat initialized with port(s): 8887 (http)
2020-04-16 17:55:15.092  INFO 12840 --- [restartedMain] o.apache.catalina.core.StandardService   : Starting service [Tomcat]
2020-04-16 17:55:15.093  INFO 12840 --- [restartedMain] org.apache.catalina.core.StandardEngine  : Starting Servlet engine: [Apache Tomcat/9.0.31]
2020-04-16 17:55:15.200  INFO 12840 --- [restartedMain] o.a.c.c.C.[Tomcat].[localhost].[/]       : Initializing Spring embedded WebApplicationContext
2020-04-16 17:55:15.201  INFO 12840 --- [restartedMain] o.s.web.context.ContextLoader            : Root WebApplicationContext: initialization completed in 1421 ms
2020-04-16 17:55:15.264  INFO 12840 --- [restartedMain] com.zaxxer.hikari.HikariDataSource       : HikariPool-1 - Starting...
2020-04-16 17:55:15.459  INFO 12840 --- [restartedMain] com.zaxxer.hikari.HikariDataSource       : HikariPool-1 - Start completed.
2020-04-16 17:55:15.465  INFO 12840 --- [restartedMain] o.s.b.a.h2.H2ConsoleAutoConfiguration    : H2 console available at '/h2-console'. Database available at 'jdbc:h2:~/projects'
2020-04-16 17:55:16.004  INFO 12840 --- [restartedMain] o.s.s.concurrent.ThreadPoolTaskExecutor  : Initializing ExecutorService 'applicationTaskExecutor'
2020-04-16 17:55:16.063  INFO 12840 --- [restartedMain] o.s.b.a.w.s.WelcomePageHandlerMapping    : Adding welcome page template: index
2020-04-16 17:55:16.278  INFO 12840 --- [restartedMain] o.s.b.d.a.OptionalLiveReloadServer       : LiveReload server is running on port 35729
2020-04-16 17:55:16.319  INFO 12840 --- [restartedMain] o.s.b.w.embedded.tomcat.TomcatWebServer  : Tomcat started on port(s): 8887 (http) with context path ''
2020-04-16 17:55:16.322  INFO 12840 --- [restartedMain] c.h.p.p.ProjectfirstApplication          : Started ProjectfirstApplication in 3.166 seconds (JVM running for 4.132)
2020-04-16 17:55:25.239  INFO 12840 --- [SpringContextShutdownHook] o.s.s.concurrent.ThreadPoolTaskExecutor  : Shutting down ExecutorService 'applicationTaskExecutor'
2020-04-16 17:55:25.240  INFO 12840 --- [SpringContextShutdownHook] com.zaxxer.hikari.HikariDataSource       : HikariPool-1 - Shutdown initiated...
2020-04-16 17:55:25.241  INFO 12840 --- [SpringContextShutdownHook] com.zaxxer.hikari.HikariDataSource       : HikariPool-1 - Shutdown completed.
